<?xml version="1.0" encoding="UTF-8"?>
<testng-results skipped="0" failed="0" ignored="2" total="3" passed="1">
  <reporter-output>
  </reporter-output>
  <suite name="TestSuite" duration-ms="24554" started-at="2017-11-10T15:42:12Z" finished-at="2017-11-10T15:42:37Z">
    <groups>
    </groups>
    <test name="ChromeTest" duration-ms="24554" started-at="2017-11-10T15:42:12Z" finished-at="2017-11-10T15:42:37Z">
      <class name="Test.VacationManagementTest">
        <test-method status="PASS" signature="setup(java.lang.String, java.lang.String)[pri:0, instance:Test.VacationManagementTest@1fdc050]" name="setup" is-config="true" duration-ms="6928" started-at="2017-11-10T09:42:12Z" finished-at="2017-11-10T09:42:19Z">
          <params>
            <param index="0">
              <value>
                <![CDATA[Chrome]]>
              </value>
            </param>
            <param index="1">
              <value>
                <![CDATA[https://vacations-management.herokuapp.com/users/sign_in]]>
              </value>
            </param>
          </params>
          <reporter-output>
          </reporter-output>
        </test-method> <!-- setup -->
        <test-method status="PASS" signature="test03()[pri:0, instance:Test.VacationManagementTest@1fdc050]" name="test03" duration-ms="14551" started-at="2017-11-10T09:42:19Z" finished-at="2017-11-10T09:42:34Z">
          <reporter-output>
          </reporter-output>
        </test-method> <!-- test03 -->
        <test-method status="PASS" signature="closeDriver()[pri:0, instance:Test.VacationManagementTest@1fdc050]" name="closeDriver" is-config="true" duration-ms="3064" started-at="2017-11-10T09:42:34Z" finished-at="2017-11-10T09:42:37Z">
          <reporter-output>
          </reporter-output>
        </test-method> <!-- closeDriver -->
      </class> <!-- Test.VacationManagementTest -->
    </test> <!-- ChromeTest -->
  </suite> <!-- TestSuite -->
</testng-results>
