<?xml version="1.0" encoding="UTF-8"?>
<!-- Generated by org.testng.reporters.JUnitXMLReporter -->
<testsuite hostname="DESKTOP-LM0VRL3" ignored="0" name="ChromeTest" tests="4" failures="0" timestamp="10 nov 2017 19:43:09 GMT" time="76.904" errors="0">
  <testcase name="testLogin" time="4.269" classname="Test.VacationManagementTest"/>
  <testcase name="testCreatingANewUser" time="15.025" classname="Test.VacationManagementTest"/>
  <testcase name="testVerifyPublicInfo" time="2.215" classname="Test.VacationManagementTest"/>
  <testcase name="testDeleteUser" time="19.212" classname="Test.VacationManagementTest"/>
</testsuite> <!-- ChromeTest -->
