<?xml version="1.0" encoding="UTF-8"?>
<!-- Generated by org.testng.reporters.JUnitXMLReporter -->
<testsuite hostname="DESKTOP-LM0VRL3" ignored="3" name="ChromeTest" tests="1" failures="0" timestamp="10 nov 2017 20:36:51 GMT" time="28.396" errors="0">
  <testcase name="testCreatingANewUser" time="17.428" classname="Test.VacationManagementTest"/>
  <testcase name="testLogin" time="0.0" classname="Test.VacationManagementTest">
    <ignored/>
  </testcase> <!-- testLogin -->
  <testcase name="testVerifyPublicInfo" time="0.0" classname="Test.VacationManagementTest">
    <ignored/>
  </testcase> <!-- testVerifyPublicInfo -->
  <testcase name="testDeleteUser" time="0.0" classname="Test.VacationManagementTest">
    <ignored/>
  </testcase> <!-- testDeleteUser -->
</testsuite> <!-- ChromeTest -->
